2020-03-31 08:56:11,810 INFO org.springframework.boot.StartupInfoLogger [restartedMain] Starting DemoUpcrestApplication on DESKTOP-TNJGVUN with PID 39760 (C:\Users\flore\Dropbox\RepositorioAcademico\ProyectosSpringBootIntelliJ\demoUPCREST\target\classes started by flore in C:\Users\flore\Dropbox\RepositorioAcademico\ProyectosSpringBootIntelliJ\demoUPCREST)
2020-03-31 08:56:11,833 DEBUG org.springframework.boot.StartupInfoLogger [restartedMain] Running with Spring Boot v2.1.9.RELEASE, Spring v5.1.10.RELEASE
2020-03-31 08:56:11,834 INFO org.springframework.boot.SpringApplication [restartedMain] No active profile set, falling back to default profiles: default
2020-03-31 08:56:11,985 INFO org.springframework.boot.logging.DeferredLog [restartedMain] Devtools property defaults active! Set 'spring.devtools.add-properties' to 'false' to disable
2020-03-31 08:56:11,986 INFO org.springframework.boot.logging.DeferredLog [restartedMain] For additional web related logging consider setting the 'logging.level.web' property to 'DEBUG'
2020-03-31 08:56:14,428 INFO org.springframework.data.repository.config.RepositoryConfigurationDelegate [restartedMain] Bootstrapping Spring Data repositories in DEFAULT mode.
2020-03-31 08:56:14,584 INFO org.springframework.data.repository.config.RepositoryConfigurationDelegate [restartedMain] Finished Spring Data repository scanning in 133ms. Found 1 repository interfaces.
2020-03-31 08:56:15,465 INFO org.springframework.context.support.PostProcessorRegistrationDelegate$BeanPostProcessorChecker [restartedMain] Bean 'org.springframework.ws.config.annotation.DelegatingWsConfiguration' of type [org.springframework.ws.config.annotation.DelegatingWsConfiguration$$EnhancerBySpringCGLIB$$6e26a49d] is not eligible for getting processed by all BeanPostProcessors (for example: not eligible for auto-proxying)
2020-03-31 08:56:15,579 INFO org.springframework.ws.soap.addressing.server.AbstractAddressingEndpointMapping [restartedMain] Supporting [WS-Addressing August 2004, WS-Addressing 1.0]
2020-03-31 08:56:15,670 INFO org.springframework.context.support.PostProcessorRegistrationDelegate$BeanPostProcessorChecker [restartedMain] Bean 'org.springframework.transaction.annotation.ProxyTransactionManagementConfiguration' of type [org.springframework.transaction.annotation.ProxyTransactionManagementConfiguration$$EnhancerBySpringCGLIB$$c98edf9e] is not eligible for getting processed by all BeanPostProcessors (for example: not eligible for auto-proxying)
2020-03-31 08:56:17,335 INFO org.springframework.boot.web.embedded.tomcat.TomcatWebServer [restartedMain] Tomcat initialized with port(s): 8080 (http)
2020-03-31 08:56:17,377 INFO org.apache.juli.logging.DirectJDKLog [restartedMain] Initializing ProtocolHandler ["http-nio-8080"]
2020-03-31 08:56:17,410 INFO org.apache.juli.logging.DirectJDKLog [restartedMain] Starting service [Tomcat]
2020-03-31 08:56:17,411 INFO org.apache.juli.logging.DirectJDKLog [restartedMain] Starting Servlet engine: [Apache Tomcat/9.0.26]
2020-03-31 08:56:17,810 INFO org.apache.juli.logging.DirectJDKLog [restartedMain] Initializing Spring embedded WebApplicationContext
2020-03-31 08:56:17,811 INFO org.springframework.boot.web.servlet.context.ServletWebServerApplicationContext [restartedMain] Root WebApplicationContext: initialization completed in 5825 ms
2020-03-31 08:56:18,348 INFO com.zaxxer.hikari.HikariDataSource [restartedMain] HikariPool-1 - Starting...
2020-03-31 08:56:19,833 INFO com.zaxxer.hikari.HikariDataSource [restartedMain] HikariPool-1 - Start completed.
2020-03-31 08:56:19,984 INFO org.hibernate.jpa.internal.util.LogHelper [restartedMain] HHH000204: Processing PersistenceUnitInfo [
	name: default
	...]
2020-03-31 08:56:20,279 INFO org.hibernate.Version [restartedMain] HHH000412: Hibernate Core {5.3.12.Final}
2020-03-31 08:56:20,282 INFO org.hibernate.cfg.Environment [restartedMain] HHH000206: hibernate.properties not found
2020-03-31 08:56:20,711 INFO org.hibernate.annotations.common.reflection.java.JavaReflectionManager [restartedMain] HCANN000001: Hibernate Commons Annotations {5.0.4.Final}
2020-03-31 08:56:21,123 INFO org.hibernate.dialect.Dialect [restartedMain] HHH000400: Using dialect: org.hibernate.dialect.MySQL8Dialect
2020-03-31 08:56:22,711 INFO org.springframework.orm.jpa.AbstractEntityManagerFactoryBean [restartedMain] Initialized JPA EntityManagerFactory for persistence unit 'default'
2020-03-31 08:56:22,745 INFO org.springframework.boot.devtools.autoconfigure.OptionalLiveReloadServer [restartedMain] LiveReload server is running on port 35729
2020-03-31 08:56:24,143 INFO org.springframework.scheduling.concurrent.ExecutorConfigurationSupport [restartedMain] Initializing ExecutorService 'applicationTaskExecutor'
2020-03-31 08:56:24,253 WARN org.springframework.boot.autoconfigure.orm.jpa.JpaBaseConfiguration$JpaWebConfiguration$JpaWebMvcConfiguration [restartedMain] spring.jpa.open-in-view is enabled by default. Therefore, database queries may be performed during view rendering. Explicitly configure spring.jpa.open-in-view to disable this warning
2020-03-31 08:56:24,790 INFO org.apache.juli.logging.DirectJDKLog [restartedMain] Starting ProtocolHandler ["http-nio-8080"]
2020-03-31 08:56:24,856 INFO org.springframework.boot.web.embedded.tomcat.TomcatWebServer [restartedMain] Tomcat started on port(s): 8080 (http) with context path ''
2020-03-31 08:56:24,863 INFO org.springframework.boot.StartupInfoLogger [restartedMain] Started DemoUpcrestApplication in 14.144 seconds (JVM running for 15.718)
2020-03-31 08:56:59,436 INFO org.apache.juli.logging.DirectJDKLog [http-nio-8080-exec-1] Initializing Spring DispatcherServlet 'dispatcherServlet'
2020-03-31 08:56:59,437 INFO org.springframework.web.servlet.FrameworkServlet [http-nio-8080-exec-1] Initializing Servlet 'dispatcherServlet'
2020-03-31 08:56:59,452 INFO org.springframework.web.servlet.FrameworkServlet [http-nio-8080-exec-1] Completed initialization in 15 ms
2020-03-31 08:56:59,769 INFO org.hibernate.hql.internal.QueryTranslatorFactoryInitiator [http-nio-8080-exec-1] HHH000397: Using ASTQueryTranslatorFactory
