2019-09-01 03:21:46,143 INFO org.springframework.boot.StartupInfoLogger [restartedMain] Starting DemoUpcrestApplication on DESKTOP-TNJGVUN with PID 16116 (C:\Users\flore\Dropbox\RepositorioAcademico\ProyectosSpringBootIntelliJ\demoUPCREST\target\classes started by flore in C:\Users\flore\Dropbox\RepositorioAcademico\ProyectosSpringBootIntelliJ\demoUPCREST)
2019-09-01 03:21:46,160 DEBUG org.springframework.boot.StartupInfoLogger [restartedMain] Running with Spring Boot v2.1.5.RELEASE, Spring v5.1.7.RELEASE
2019-09-01 03:21:46,162 INFO org.springframework.boot.SpringApplication [restartedMain] No active profile set, falling back to default profiles: default
2019-09-01 03:21:46,336 INFO org.springframework.boot.logging.DeferredLog [restartedMain] Devtools property defaults active! Set 'spring.devtools.add-properties' to 'false' to disable
2019-09-01 03:21:46,344 INFO org.springframework.boot.logging.DeferredLog [restartedMain] For additional web related logging consider setting the 'logging.level.web' property to 'DEBUG'
2019-09-01 03:21:50,458 INFO org.springframework.data.repository.config.RepositoryConfigurationDelegate [restartedMain] Bootstrapping Spring Data repositories in DEFAULT mode.
2019-09-01 03:21:50,627 INFO org.springframework.data.repository.config.RepositoryConfigurationDelegate [restartedMain] Finished Spring Data repository scanning in 142ms. Found 1 repository interfaces.
2019-09-01 03:21:51,698 INFO org.springframework.context.support.PostProcessorRegistrationDelegate$BeanPostProcessorChecker [restartedMain] Bean 'org.springframework.ws.config.annotation.DelegatingWsConfiguration' of type [org.springframework.ws.config.annotation.DelegatingWsConfiguration$$EnhancerBySpringCGLIB$$dfdf3bb2] is not eligible for getting processed by all BeanPostProcessors (for example: not eligible for auto-proxying)
2019-09-01 03:21:51,810 INFO org.springframework.ws.soap.addressing.server.AbstractAddressingEndpointMapping [restartedMain] Supporting [WS-Addressing August 2004, WS-Addressing 1.0]
2019-09-01 03:21:51,910 INFO org.springframework.context.support.PostProcessorRegistrationDelegate$BeanPostProcessorChecker [restartedMain] Bean 'org.springframework.transaction.annotation.ProxyTransactionManagementConfiguration' of type [org.springframework.transaction.annotation.ProxyTransactionManagementConfiguration$$EnhancerBySpringCGLIB$$3b4776b3] is not eligible for getting processed by all BeanPostProcessors (for example: not eligible for auto-proxying)
2019-09-01 03:21:54,898 INFO org.springframework.boot.web.embedded.tomcat.TomcatWebServer [restartedMain] Tomcat initialized with port(s): 8080 (http)
2019-09-01 03:21:54,954 INFO org.apache.juli.logging.DirectJDKLog [restartedMain] Initializing ProtocolHandler ["http-nio-8080"]
2019-09-01 03:21:55,127 INFO org.apache.juli.logging.DirectJDKLog [restartedMain] Starting service [Tomcat]
2019-09-01 03:21:55,128 INFO org.apache.juli.logging.DirectJDKLog [restartedMain] Starting Servlet engine: [Apache Tomcat/9.0.19]
2019-09-01 03:21:55,575 INFO org.apache.juli.logging.DirectJDKLog [restartedMain] Initializing Spring embedded WebApplicationContext
2019-09-01 03:21:55,576 INFO org.springframework.boot.web.servlet.context.ServletWebServerApplicationContext [restartedMain] Root WebApplicationContext: initialization completed in 9231 ms
2019-09-01 03:21:56,166 INFO com.zaxxer.hikari.HikariDataSource [restartedMain] HikariPool-1 - Starting...
2019-09-01 03:21:58,281 INFO com.zaxxer.hikari.HikariDataSource [restartedMain] HikariPool-1 - Start completed.
2019-09-01 03:21:58,397 INFO org.hibernate.jpa.internal.util.LogHelper [restartedMain] HHH000204: Processing PersistenceUnitInfo [
	name: default
	...]
2019-09-01 03:21:58,685 INFO org.hibernate.Version [restartedMain] HHH000412: Hibernate Core {5.3.10.Final}
2019-09-01 03:21:58,688 INFO org.hibernate.cfg.Environment [restartedMain] HHH000206: hibernate.properties not found
2019-09-01 03:21:59,138 INFO org.hibernate.annotations.common.reflection.java.JavaReflectionManager [restartedMain] HCANN000001: Hibernate Commons Annotations {5.0.4.Final}
2019-09-01 03:21:59,719 INFO org.hibernate.dialect.Dialect [restartedMain] HHH000400: Using dialect: org.hibernate.dialect.MySQL8Dialect
2019-09-01 03:22:01,730 INFO org.springframework.orm.jpa.AbstractEntityManagerFactoryBean [restartedMain] Initialized JPA EntityManagerFactory for persistence unit 'default'
2019-09-01 03:22:01,764 INFO org.springframework.boot.devtools.autoconfigure.OptionalLiveReloadServer [restartedMain] LiveReload server is running on port 35729
2019-09-01 03:22:03,133 INFO org.springframework.scheduling.concurrent.ExecutorConfigurationSupport [restartedMain] Initializing ExecutorService 'applicationTaskExecutor'
2019-09-01 03:22:03,267 WARN org.springframework.boot.autoconfigure.orm.jpa.JpaBaseConfiguration$JpaWebConfiguration$JpaWebMvcConfiguration [restartedMain] spring.jpa.open-in-view is enabled by default. Therefore, database queries may be performed during view rendering. Explicitly configure spring.jpa.open-in-view to disable this warning
2019-09-01 03:22:04,349 INFO org.apache.juli.logging.DirectJDKLog [restartedMain] Starting ProtocolHandler ["http-nio-8080"]
2019-09-01 03:22:04,410 INFO org.springframework.boot.web.embedded.tomcat.TomcatWebServer [restartedMain] Tomcat started on port(s): 8080 (http) with context path ''
2019-09-01 03:22:04,414 INFO org.springframework.boot.StartupInfoLogger [restartedMain] Started DemoUpcrestApplication in 19.457 seconds (JVM running for 21.409)
2019-09-01 03:23:08,444 INFO org.springframework.boot.StartupInfoLogger [main] Starting DemoUpcrestApplicationTests on DESKTOP-TNJGVUN with PID 10684 (started by flore in C:\Users\flore\Dropbox\RepositorioAcademico\ProyectosSpringBootIntelliJ\demoUPCREST)
2019-09-01 03:23:08,449 DEBUG org.springframework.boot.StartupInfoLogger [main] Running with Spring Boot v2.1.5.RELEASE, Spring v5.1.7.RELEASE
2019-09-01 03:23:08,451 INFO org.springframework.boot.SpringApplication [main] No active profile set, falling back to default profiles: default
2019-09-01 03:23:10,347 INFO org.springframework.data.repository.config.RepositoryConfigurationDelegate [main] Bootstrapping Spring Data repositories in DEFAULT mode.
2019-09-01 03:23:10,489 INFO org.springframework.data.repository.config.RepositoryConfigurationDelegate [main] Finished Spring Data repository scanning in 121ms. Found 1 repository interfaces.
2019-09-01 03:23:11,388 INFO org.springframework.context.support.PostProcessorRegistrationDelegate$BeanPostProcessorChecker [main] Bean 'org.springframework.ws.config.annotation.DelegatingWsConfiguration' of type [org.springframework.ws.config.annotation.DelegatingWsConfiguration$$EnhancerBySpringCGLIB$$f6b76ba1] is not eligible for getting processed by all BeanPostProcessors (for example: not eligible for auto-proxying)
2019-09-01 03:23:11,468 INFO org.springframework.ws.soap.addressing.server.AbstractAddressingEndpointMapping [main] Supporting [WS-Addressing August 2004, WS-Addressing 1.0]
2019-09-01 03:23:11,524 INFO org.springframework.context.support.PostProcessorRegistrationDelegate$BeanPostProcessorChecker [main] Bean 'org.springframework.transaction.annotation.ProxyTransactionManagementConfiguration' of type [org.springframework.transaction.annotation.ProxyTransactionManagementConfiguration$$EnhancerBySpringCGLIB$$521fa6a2] is not eligible for getting processed by all BeanPostProcessors (for example: not eligible for auto-proxying)
2019-09-01 03:23:13,991 INFO org.springframework.boot.web.embedded.tomcat.TomcatWebServer [main] Tomcat initialized with port(s): 0 (http)
2019-09-01 03:23:14,043 INFO org.apache.juli.logging.DirectJDKLog [main] Initializing ProtocolHandler ["http-nio-auto-1"]
2019-09-01 03:23:14,082 INFO org.apache.juli.logging.DirectJDKLog [main] Starting service [Tomcat]
2019-09-01 03:23:14,083 INFO org.apache.juli.logging.DirectJDKLog [main] Starting Servlet engine: [Apache Tomcat/9.0.19]
2019-09-01 03:23:14,531 INFO org.apache.juli.logging.DirectJDKLog [main] Initializing Spring embedded WebApplicationContext
2019-09-01 03:23:14,531 INFO org.springframework.boot.web.servlet.context.ServletWebServerApplicationContext [main] Root WebApplicationContext: initialization completed in 5999 ms
2019-09-01 03:23:15,204 INFO com.zaxxer.hikari.HikariDataSource [main] HikariPool-1 - Starting...
2019-09-01 03:23:17,262 INFO com.zaxxer.hikari.HikariDataSource [main] HikariPool-1 - Start completed.
2019-09-01 03:23:17,452 INFO org.hibernate.jpa.internal.util.LogHelper [main] HHH000204: Processing PersistenceUnitInfo [
	name: default
	...]
2019-09-01 03:23:17,735 INFO org.hibernate.Version [main] HHH000412: Hibernate Core {5.3.10.Final}
2019-09-01 03:23:17,740 INFO org.hibernate.cfg.Environment [main] HHH000206: hibernate.properties not found
2019-09-01 03:23:18,208 INFO org.hibernate.annotations.common.reflection.java.JavaReflectionManager [main] HCANN000001: Hibernate Commons Annotations {5.0.4.Final}
2019-09-01 03:23:18,662 INFO org.hibernate.dialect.Dialect [main] HHH000400: Using dialect: org.hibernate.dialect.MySQL8Dialect
2019-09-01 03:23:20,232 INFO org.springframework.orm.jpa.AbstractEntityManagerFactoryBean [main] Initialized JPA EntityManagerFactory for persistence unit 'default'
2019-09-01 03:23:21,971 INFO org.springframework.scheduling.concurrent.ExecutorConfigurationSupport [main] Initializing ExecutorService 'applicationTaskExecutor'
2019-09-01 03:23:22,152 WARN org.springframework.boot.autoconfigure.orm.jpa.JpaBaseConfiguration$JpaWebConfiguration$JpaWebMvcConfiguration [main] spring.jpa.open-in-view is enabled by default. Therefore, database queries may be performed during view rendering. Explicitly configure spring.jpa.open-in-view to disable this warning
2019-09-01 03:23:23,210 INFO org.apache.juli.logging.DirectJDKLog [main] Starting ProtocolHandler ["http-nio-auto-1"]
2019-09-01 03:23:23,273 INFO org.springframework.boot.web.embedded.tomcat.TomcatWebServer [main] Tomcat started on port(s): 4534 (http) with context path ''
2019-09-01 03:23:23,281 INFO org.springframework.boot.StartupInfoLogger [main] Started DemoUpcrestApplicationTests in 15.793 seconds (JVM running for 18.018)
2019-09-01 03:23:23,505 INFO org.springframework.scheduling.concurrent.ExecutorConfigurationSupport [Thread-4] Shutting down ExecutorService 'applicationTaskExecutor'
2019-09-01 03:23:23,511 INFO org.springframework.orm.jpa.AbstractEntityManagerFactoryBean [Thread-4] Closing JPA EntityManagerFactory for persistence unit 'default'
2019-09-01 03:23:23,519 INFO com.zaxxer.hikari.HikariDataSource [Thread-4] HikariPool-1 - Shutdown initiated...
2019-09-01 03:23:23,549 INFO com.zaxxer.hikari.HikariDataSource [Thread-4] HikariPool-1 - Shutdown completed.
2019-09-01 03:23:38,067 INFO org.springframework.boot.StartupInfoLogger [main] Starting DemoUpcrestApplicationTests on DESKTOP-TNJGVUN with PID 10836 (started by flore in C:\Users\flore\Dropbox\RepositorioAcademico\ProyectosSpringBootIntelliJ\demoUPCREST)
2019-09-01 03:23:38,070 DEBUG org.springframework.boot.StartupInfoLogger [main] Running with Spring Boot v2.1.5.RELEASE, Spring v5.1.7.RELEASE
2019-09-01 03:23:38,072 INFO org.springframework.boot.SpringApplication [main] No active profile set, falling back to default profiles: default
2019-09-01 03:23:40,030 INFO org.springframework.data.repository.config.RepositoryConfigurationDelegate [main] Bootstrapping Spring Data repositories in DEFAULT mode.
2019-09-01 03:23:40,186 INFO org.springframework.data.repository.config.RepositoryConfigurationDelegate [main] Finished Spring Data repository scanning in 135ms. Found 1 repository interfaces.
2019-09-01 03:23:41,059 INFO org.springframework.context.support.PostProcessorRegistrationDelegate$BeanPostProcessorChecker [main] Bean 'org.springframework.ws.config.annotation.DelegatingWsConfiguration' of type [org.springframework.ws.config.annotation.DelegatingWsConfiguration$$EnhancerBySpringCGLIB$$375f9bc6] is not eligible for getting processed by all BeanPostProcessors (for example: not eligible for auto-proxying)
2019-09-01 03:23:41,133 INFO org.springframework.ws.soap.addressing.server.AbstractAddressingEndpointMapping [main] Supporting [WS-Addressing August 2004, WS-Addressing 1.0]
2019-09-01 03:23:41,190 INFO org.springframework.context.support.PostProcessorRegistrationDelegate$BeanPostProcessorChecker [main] Bean 'org.springframework.transaction.annotation.ProxyTransactionManagementConfiguration' of type [org.springframework.transaction.annotation.ProxyTransactionManagementConfiguration$$EnhancerBySpringCGLIB$$92c7d6c7] is not eligible for getting processed by all BeanPostProcessors (for example: not eligible for auto-proxying)
2019-09-01 03:23:43,414 INFO org.springframework.boot.web.embedded.tomcat.TomcatWebServer [main] Tomcat initialized with port(s): 0 (http)
2019-09-01 03:23:43,549 INFO org.apache.juli.logging.DirectJDKLog [main] Initializing ProtocolHandler ["http-nio-auto-1"]
2019-09-01 03:23:43,584 INFO org.apache.juli.logging.DirectJDKLog [main] Starting service [Tomcat]
2019-09-01 03:23:43,585 INFO org.apache.juli.logging.DirectJDKLog [main] Starting Servlet engine: [Apache Tomcat/9.0.19]
2019-09-01 03:23:43,988 INFO org.apache.juli.logging.DirectJDKLog [main] Initializing Spring embedded WebApplicationContext
2019-09-01 03:23:43,989 INFO org.springframework.boot.web.servlet.context.ServletWebServerApplicationContext [main] Root WebApplicationContext: initialization completed in 5850 ms
2019-09-01 03:23:44,618 INFO com.zaxxer.hikari.HikariDataSource [main] HikariPool-1 - Starting...
2019-09-01 03:23:46,651 INFO com.zaxxer.hikari.HikariDataSource [main] HikariPool-1 - Start completed.
2019-09-01 03:23:46,844 INFO org.hibernate.jpa.internal.util.LogHelper [main] HHH000204: Processing PersistenceUnitInfo [
	name: default
	...]
2019-09-01 03:23:47,152 INFO org.hibernate.Version [main] HHH000412: Hibernate Core {5.3.10.Final}
2019-09-01 03:23:47,156 INFO org.hibernate.cfg.Environment [main] HHH000206: hibernate.properties not found
2019-09-01 03:23:47,606 INFO org.hibernate.annotations.common.reflection.java.JavaReflectionManager [main] HCANN000001: Hibernate Commons Annotations {5.0.4.Final}
2019-09-01 03:23:48,037 INFO org.hibernate.dialect.Dialect [main] HHH000400: Using dialect: org.hibernate.dialect.MySQL8Dialect
2019-09-01 03:23:49,432 INFO org.springframework.orm.jpa.AbstractEntityManagerFactoryBean [main] Initialized JPA EntityManagerFactory for persistence unit 'default'
2019-09-01 03:23:51,285 INFO org.springframework.scheduling.concurrent.ExecutorConfigurationSupport [main] Initializing ExecutorService 'applicationTaskExecutor'
2019-09-01 03:23:51,417 WARN org.springframework.boot.autoconfigure.orm.jpa.JpaBaseConfiguration$JpaWebConfiguration$JpaWebMvcConfiguration [main] spring.jpa.open-in-view is enabled by default. Therefore, database queries may be performed during view rendering. Explicitly configure spring.jpa.open-in-view to disable this warning
2019-09-01 03:23:52,378 INFO org.apache.juli.logging.DirectJDKLog [main] Starting ProtocolHandler ["http-nio-auto-1"]
2019-09-01 03:23:52,426 INFO org.springframework.boot.web.embedded.tomcat.TomcatWebServer [main] Tomcat started on port(s): 4561 (http) with context path ''
2019-09-01 03:23:52,432 INFO org.springframework.boot.StartupInfoLogger [main] Started DemoUpcrestApplicationTests in 15.334 seconds (JVM running for 17.511)
2019-09-01 03:23:52,609 INFO org.springframework.scheduling.concurrent.ExecutorConfigurationSupport [Thread-4] Shutting down ExecutorService 'applicationTaskExecutor'
2019-09-01 03:23:52,613 INFO org.springframework.orm.jpa.AbstractEntityManagerFactoryBean [Thread-4] Closing JPA EntityManagerFactory for persistence unit 'default'
2019-09-01 03:23:52,619 INFO com.zaxxer.hikari.HikariDataSource [Thread-4] HikariPool-1 - Shutdown initiated...
2019-09-01 03:23:52,644 INFO com.zaxxer.hikari.HikariDataSource [Thread-4] HikariPool-1 - Shutdown completed.
2019-09-01 03:24:22,449 INFO org.springframework.boot.StartupInfoLogger [main] Starting DemoUpcrestApplicationTests on DESKTOP-TNJGVUN with PID 16944 (started by flore in C:\Users\flore\Dropbox\RepositorioAcademico\ProyectosSpringBootIntelliJ\demoUPCREST)
2019-09-01 03:24:22,457 DEBUG org.springframework.boot.StartupInfoLogger [main] Running with Spring Boot v2.1.5.RELEASE, Spring v5.1.7.RELEASE
2019-09-01 03:24:22,464 INFO org.springframework.boot.SpringApplication [main] No active profile set, falling back to default profiles: default
2019-09-01 03:24:25,542 INFO org.springframework.data.repository.config.RepositoryConfigurationDelegate [main] Bootstrapping Spring Data repositories in DEFAULT mode.
2019-09-01 03:24:25,731 INFO org.springframework.data.repository.config.RepositoryConfigurationDelegate [main] Finished Spring Data repository scanning in 160ms. Found 1 repository interfaces.
2019-09-01 03:24:27,647 INFO org.springframework.context.support.PostProcessorRegistrationDelegate$BeanPostProcessorChecker [main] Bean 'org.springframework.ws.config.annotation.DelegatingWsConfiguration' of type [org.springframework.ws.config.annotation.DelegatingWsConfiguration$$EnhancerBySpringCGLIB$$7448d518] is not eligible for getting processed by all BeanPostProcessors (for example: not eligible for auto-proxying)
2019-09-01 03:24:27,809 INFO org.springframework.ws.soap.addressing.server.AbstractAddressingEndpointMapping [main] Supporting [WS-Addressing August 2004, WS-Addressing 1.0]
2019-09-01 03:24:27,942 INFO org.springframework.context.support.PostProcessorRegistrationDelegate$BeanPostProcessorChecker [main] Bean 'org.springframework.transaction.annotation.ProxyTransactionManagementConfiguration' of type [org.springframework.transaction.annotation.ProxyTransactionManagementConfiguration$$EnhancerBySpringCGLIB$$cfb11019] is not eligible for getting processed by all BeanPostProcessors (for example: not eligible for auto-proxying)
2019-09-01 03:24:31,744 INFO org.springframework.boot.web.embedded.tomcat.TomcatWebServer [main] Tomcat initialized with port(s): 0 (http)
2019-09-01 03:24:31,970 INFO org.apache.juli.logging.DirectJDKLog [main] Initializing ProtocolHandler ["http-nio-auto-1"]
2019-09-01 03:24:32,046 INFO org.apache.juli.logging.DirectJDKLog [main] Starting service [Tomcat]
2019-09-01 03:24:32,049 INFO org.apache.juli.logging.DirectJDKLog [main] Starting Servlet engine: [Apache Tomcat/9.0.19]
2019-09-01 03:24:32,644 INFO org.apache.juli.logging.DirectJDKLog [main] Initializing Spring embedded WebApplicationContext
2019-09-01 03:24:32,645 INFO org.springframework.boot.web.servlet.context.ServletWebServerApplicationContext [main] Root WebApplicationContext: initialization completed in 10081 ms
2019-09-01 03:24:33,685 INFO com.zaxxer.hikari.HikariDataSource [main] HikariPool-1 - Starting...
2019-09-01 03:24:36,160 INFO com.zaxxer.hikari.HikariDataSource [main] HikariPool-1 - Start completed.
2019-09-01 03:24:36,380 INFO org.hibernate.jpa.internal.util.LogHelper [main] HHH000204: Processing PersistenceUnitInfo [
	name: default
	...]
2019-09-01 03:24:36,748 INFO org.hibernate.Version [main] HHH000412: Hibernate Core {5.3.10.Final}
2019-09-01 03:24:36,752 INFO org.hibernate.cfg.Environment [main] HHH000206: hibernate.properties not found
2019-09-01 03:24:37,474 INFO org.hibernate.annotations.common.reflection.java.JavaReflectionManager [main] HCANN000001: Hibernate Commons Annotations {5.0.4.Final}
2019-09-01 03:24:38,151 INFO org.hibernate.dialect.Dialect [main] HHH000400: Using dialect: org.hibernate.dialect.MySQL8Dialect
2019-09-01 03:24:40,523 INFO org.springframework.orm.jpa.AbstractEntityManagerFactoryBean [main] Initialized JPA EntityManagerFactory for persistence unit 'default'
2019-09-01 03:24:42,759 INFO org.springframework.scheduling.concurrent.ExecutorConfigurationSupport [main] Initializing ExecutorService 'applicationTaskExecutor'
2019-09-01 03:24:42,909 WARN org.springframework.boot.autoconfigure.orm.jpa.JpaBaseConfiguration$JpaWebConfiguration$JpaWebMvcConfiguration [main] spring.jpa.open-in-view is enabled by default. Therefore, database queries may be performed during view rendering. Explicitly configure spring.jpa.open-in-view to disable this warning
2019-09-01 03:24:44,024 INFO org.apache.juli.logging.DirectJDKLog [main] Starting ProtocolHandler ["http-nio-auto-1"]
2019-09-01 03:24:44,082 INFO org.springframework.boot.web.embedded.tomcat.TomcatWebServer [main] Tomcat started on port(s): 4599 (http) with context path ''
2019-09-01 03:24:44,088 INFO org.springframework.boot.StartupInfoLogger [main] Started DemoUpcrestApplicationTests in 22.793 seconds (JVM running for 25.202)
2019-09-01 03:24:44,344 INFO org.springframework.scheduling.concurrent.ExecutorConfigurationSupport [Thread-4] Shutting down ExecutorService 'applicationTaskExecutor'
2019-09-01 03:24:44,349 INFO org.springframework.orm.jpa.AbstractEntityManagerFactoryBean [Thread-4] Closing JPA EntityManagerFactory for persistence unit 'default'
2019-09-01 03:24:44,356 INFO com.zaxxer.hikari.HikariDataSource [Thread-4] HikariPool-1 - Shutdown initiated...
2019-09-01 03:24:44,389 INFO com.zaxxer.hikari.HikariDataSource [Thread-4] HikariPool-1 - Shutdown completed.
